* using log directory ‘/home/kidzik/workspace/freqdom/pkg/freqdom.Rcheck’
* using R version 3.0.2 (2013-09-25)
* using platform: x86_64-pc-linux-gnu (64-bit)
* using session charset: UTF-8
* checking for file ‘freqdom/DESCRIPTION’ ... OK
* checking extension type ... Package
* this is package ‘freqdom’ version ‘1.0’
* checking package dependencies ... OK
* checking if this is a source package ... OK
* checking if there is a namespace ... NOTE
Packages without R code can be installed without a NAMESPACE file, but
it is cleaner to add an empty one.
* checking for executable files ... OK
* checking for hidden files and directories ... NOTE
Found the following hidden files and directories:
  .DS_Store
These were most likely included in error. See section ‘Package
structure’ in the ‘Writing R Extensions’ manual.
* checking for portable file names ... OK
* checking for sufficient/correct file permissions ... OK
* checking whether package ‘freqdom’ can be installed ... OK
* checking installed package size ... OK
* checking package directory ... OK
* checking DESCRIPTION meta-information ... OK
* checking top-level files ... OK
* checking for left-over files ... OK
* checking index information ... OK
* checking package subdirectories ... OK
* checking whether the package can be loaded ... OK
* checking whether the package can be loaded with stated dependencies ... OK
* checking whether the package can be unloaded cleanly ... OK
* checking loading without being on the library search path ... OK
* checking examples ... NONE
* checking PDF version of manual ... OK
NOTE: There were 2 notes.
